<?xml version="1.0" encoding="UTF-8"?>
<!-- Generated by org.testng.reporters.JUnitXMLReporter -->
<testsuite ignored="4" hostname="DESKTOP-USP7IK8" failures="0" tests="2" name="Test2" time="84.277" errors="0" timestamp="2022-06-09T17:32:43 IST">
  <testcase classname="com.crm.comcast.campaignTest.CreateCampaignTest" name="createCampaignTest" time="24.843"/>
  <testcase classname="com.crm.comcast.contactTest.DeleteContact_3_Test" name="deleteContactTest" time="16.531"/>
  <testcase classname="Generic_Utilities.BaseClass" name="@BeforeSuite bSuite" time="0.0">
    <ignored/>
  </testcase> <!-- @BeforeSuite bSuite -->
  <testcase classname="Generic_Utilities.BaseClass" name="@AfterTest aTest" time="0.0">
    <ignored/>
  </testcase> <!-- @AfterTest aTest -->
  <testcase classname="Generic_Utilities.BaseClass" name="@AfterSuite aSuite" time="0.0">
    <ignored/>
  </testcase> <!-- @AfterSuite aSuite -->
  <testcase classname="Generic_Utilities.BaseClass" name="@BeforeTest bTest" time="0.0">
    <ignored/>
  </testcase> <!-- @BeforeTest bTest -->
</testsuite> <!-- Test2 -->
